<?xml version="1.0" encoding="UTF-8"?>
<!-- Generated by org.testng.reporters.JUnitReportReporter -->
<testsuite hostname="Dalya" failures="0" tests="3" name="ClassOne" time="37.685" errors="0" timestamp="2024-06-24T18:44:17 EET" skipped="0">
  <testcase classname="ClassOne" name="addrandomitem" time="4.889"/>
  <system-out/>
  <testcase classname="ClassOne" name="checkout" time="23.955"/>
  <system-out/>
  <testcase classname="ClassOne" name="signup" time="8.841"/>
  <system-out/>
</testsuite> <!-- ClassOne -->
